[32m[I 2025-09-27 17:38:47,407][0m Trial 26 finished with value: 0.5496289963434994 and parameters: {'num_leaves': 75, 'learning_rate': 0.01510290758143695, 'feature_fraction': 0.5850638121278499, 'bagging_fraction': 0.6533680789680336, 'bagging_freq': 5, 'min_child_samples': 15, 'reg_alpha': 5.332109210015526, 'reg_lambda': 5.276089268635646, 'max_depth': 8, 'min_split_gain': 0.5677572556040569}. Best is trial 26 with value: 0.5496289963434994.[0m
Training until validation scores don't improve for 50 rounds
Training until validation scores don't improve for 50 rounds
Training until validation scores don't improve for 50 rounds
Training until validation scores don't improve for 50 rounds
Training until validation scores don't improve for 50 rounds
[32m[I 2025-09-27 17:39:37,397][0m Trial 27 finished with value: 0.5487572574108307 and parameters: {'num_leaves': 73, 'learning_rate': 0.01519397382266539, 'feature_fraction': 0.697791543687788, 'bagging_fraction': 0.7099022521329551, 'bagging_freq': 5, 'min_child_samples': 12, 'reg_alpha': 2.1205025370465016, 'reg_lambda': 3.3469273194267717, 'max_depth': 8, 'min_split_gain': 0.74891503061624}. Best is trial 26 with value: 0.5496289963434994.[0m
Training until validation scores don't improve for 50 rounds
Training until validation scores don't improve for 50 rounds
Training until validation scores don't improve for 50 rounds
Training until validation scores don't improve for 50 rounds
Training until validation scores don't improve for 50 rounds
[32m[I 2025-09-27 17:40:24,903][0m Trial 28 finished with value: 0.549220152014779 and parameters: {'num_leaves': 78, 'learning_rate': 0.026669595385093704, 'feature_fraction': 0.5814207776680025, 'bagging_fraction': 0.5500514739750756, 'bagging_freq': 6, 'min_child_samples': 5, 'reg_alpha': 5.1473287405939026, 'reg_lambda': 4.751306242422119, 'max_depth': 10, 'min_split_gain': 0.5689485812110316}. Best is trial 26 with value: 0.5496289963434994.[0m
Training until validation scores don't improve for 50 rounds
Training until validation scores don't improve for 50 rounds
Training until validation scores don't improve for 50 rounds
Training until validation scores don't improve for 50 rounds
Training until validation scores don't improve for 50 rounds
[32m[I 2025-09-27 17:41:12,534][0m Trial 29 finished with value: 0.5490280637430802 and parameters: {'num_leaves': 100, 'learning_rate': 0.014230543840526477, 'feature_fraction': 0.6797319872821909, 'bagging_fraction': 0.5605716935513777, 'bagging_freq': 8, 'min_child_samples': 6, 'reg_alpha': 5.2651252210705835, 'reg_lambda': 5.417027634257382, 'max_depth': 8, 'min_split_gain': 0.5405349100981566}. Best is trial 26 with value: 0.5496289963434994.[0m
Training until validation scores don't improve for 50 rounds
Training until validation scores don't improve for 50 rounds
Training until validation scores don't improve for 50 rounds
Training until validation scores don't improve for 50 rounds
Training until validation scores don't improve for 50 rounds
[32m[I 2025-09-27 17:42:22,033][0m Trial 30 finished with value: 0.5483389910318612 and parameters: {'num_leaves': 60, 'learning_rate': 0.025366664372205312, 'feature_fraction': 0.6004407151515744, 'bagging_fraction': 0.4174770082768454, 'bagging_freq': 10, 'min_child_samples': 13, 'reg_alpha': 3.8449822199295056, 'reg_lambda': 4.679051205430124, 'max_depth': 10, 'min_split_gain': 0.8144057923663252}. Best is trial 26 with value: 0.5496289963434994.[0m
Training until validation scores don't improve for 50 rounds
Training until validation scores don't improve for 50 rounds
Training until validation scores don't improve for 50 rounds
Training until validation scores don't improve for 50 rounds
Training until validation scores don't improve for 50 rounds
[32m[I 2025-09-27 17:43:02,374][0m Trial 31 finished with value: 0.5495719145782307 and parameters: {'num_leaves': 77, 'learning_rate': 0.03589546891954562, 'feature_fraction': 0.4488976907394452, 'bagging_fraction': 0.47145790303853496, 'bagging_freq': 6, 'min_child_samples': 20, 'reg_alpha': 5.020211720325191, 'reg_lambda': 5.725262383923839, 'max_depth': 12, 'min_split_gain': 0.5914511864768845}. Best is trial 26 with value: 0.5496289963434994.[0m
Training until validation scores don't improve for 50 rounds
Training until validation scores don't improve for 50 rounds
Training until validation scores don't improve for 50 rounds
Training until validation scores don't improve for 50 rounds
Training until validation scores don't improve for 50 rounds
[32m[I 2025-09-27 17:43:42,709][0m Trial 32 finished with value: 0.5485824387066808 and parameters: {'num_leaves': 80, 'learning_rate': 0.028245271649412207, 'feature_fraction': 0.4474344429764343, 'bagging_fraction': 0.5084376766942127, 'bagging_freq': 6, 'min_child_samples': 16, 'reg_alpha': 6.70009450078037, 'reg_lambda': 5.733641932781594, 'max_depth': 12, 'min_split_gain': 0.5839429435481625}. Best is trial 26 with value: 0.5496289963434994.[0m
Training until validation scores don't improve for 50 rounds
Training until validation scores don't improve for 50 rounds
Training until validation scores don't improve for 50 rounds
Training until validation scores don't improve for 50 rounds
Training until validation scores don't improve for 50 rounds
[32m[I 2025-09-27 17:44:31,813][0m Trial 33 finished with value: 0.5505787673251442 and parameters: {'num_leaves': 71, 'learning_rate': 0.018125252069259776, 'feature_fraction': 0.7506248822854404, 'bagging_fraction': 0.4613000061771009, 'bagging_freq': 8, 'min_child_samples': 29, 'reg_alpha': 5.159151555361755, 'reg_lambda': 3.6907108979718997, 'max_depth': 9, 'min_split_gain': 0.5846684853494766}. Best is trial 33 with value: 0.5505787673251442.[0m
Training until validation scores don't improve for 50 rounds
Training until validation scores don't improve for 50 rounds
Training until validation scores don't improve for 50 rounds
Training until validation scores don't improve for 50 rounds
Training until validation scores don't improve for 50 rounds
[32m[I 2025-09-27 17:45:19,107][0m Trial 34 finished with value: 0.5496816589379616 and parameters: {'num_leaves': 67, 'learning_rate': 0.013877154918043378, 'feature_fraction': 0.7669494109513579, 'bagging_fraction': 0.4685174292129888, 'bagging_freq': 8, 'min_child_samples': 28, 'reg_alpha': 5.680007262210017, 'reg_lambda': 3.427681911793267, 'max_depth': 9, 'min_split_gain': 0.6058083280776269}. Best is trial 33 with value: 0.5505787673251442.[0m
Training until validation scores don't improve for 50 rounds
Training until validation scores don't improve for 50 rounds
Training until validation scores don't improve for 50 rounds
Training until validation scores don't improve for 50 rounds
Training until validation scores don't improve for 50 rounds
[32m[I 2025-09-27 17:46:03,925][0m Trial 35 finished with value: 0.5475393720528838 and parameters: {'num_leaves': 67, 'learning_rate': 0.014817034283886664, 'feature_fraction': 0.8092767320864948, 'bagging_fraction': 0.465994893382322, 'bagging_freq': 8, 'min_child_samples': 30, 'reg_alpha': 5.820415445943291, 'reg_lambda': 3.512678566878568, 'max_depth': 8, 'min_split_gain': 0.7639465383095059}. Best is trial 33 with value: 0.5505787673251442.[0m
Training until validation scores don't improve for 50 rounds
Training until validation scores don't improve for 50 rounds
Training until validation scores don't improve for 50 rounds
Training until validation scores don't improve for 50 rounds
Training until validation scores don't improve for 50 rounds
[32m[I 2025-09-27 17:46:42,558][0m Trial 36 finished with value: 0.549029163456743 and parameters: {'num_leaves': 51, 'learning_rate': 0.012576142813330663, 'feature_fraction': 0.7703230714692744, 'bagging_fraction': 0.45749442664139556, 'bagging_freq': 8, 'min_child_samples': 39, 'reg_alpha': 7.32334243833485, 'reg_lambda': 2.7626156497951335, 'max_depth': 7, 'min_split_gain': 0.6311810188862479}. Best is trial 33 with value: 0.5505787673251442.[0m
Training until validation scores don't improve for 50 rounds
Training until validation scores don't improve for 50 rounds
Training until validation scores don't improve for 50 rounds
Training until validation scores don't improve for 50 rounds
Training until validation scores don't improve for 50 rounds
[32m[I 2025-09-27 17:47:27,873][0m Trial 37 finished with value: 0.5472514303241345 and parameters: {'num_leaves': 67, 'learning_rate': 0.01905639326087476, 'feature_fraction': 0.7294428475980557, 'bagging_fraction': 0.44654814840932205, 'bagging_freq': 10, 'min_child_samples': 50, 'reg_alpha': 6.338726983132704, 'reg_lambda': 3.9427907390758317, 'max_depth': 9, 'min_split_gain': 0.8574084046699304}. Best is trial 33 with value: 0.5505787673251442.[0m
Training until validation scores don't improve for 50 rounds
Training until validation scores don't improve for 50 rounds
Training until validation scores don't improve for 50 rounds
Training until validation scores don't improve for 50 rounds
Training until validation scores don't improve for 50 rounds
[32m[I 2025-09-27 17:48:10,341][0m Trial 38 finished with value: 0.5488227817202859 and parameters: {'num_leaves': 62, 'learning_rate': 0.015242116262957031, 'feature_fraction': 0.8517433189488569, 'bagging_fraction': 0.48543989746458527, 'bagging_freq': 7, 'min_child_samples': 30, 'reg_alpha': 4.337382047468036, 'reg_lambda': 0.04194087529969259, 'max_depth': 7, 'min_split_gain': 0.7195315946445183}. Best is trial 33 with value: 0.5505787673251442.[0m
Training until validation scores don't improve for 50 rounds
Training until validation scores don't improve for 50 rounds
Training until validation scores don't improve for 50 rounds
Training until validation scores don't improve for 50 rounds
Training until validation scores don't improve for 50 rounds
[32m[I 2025-09-27 17:48:59,844][0m Trial 39 finished with value: 0.5442209881338748 and parameters: {'num_leaves': 55, 'learning_rate': 0.017435730738705538, 'feature_fraction': 0.7642060252329235, 'bagging_fraction': 0.5277865555489177, 'bagging_freq': 9, 'min_child_samples': 41, 'reg_alpha': 3.1537531715337814, 'reg_lambda': 2.725255262698965, 'max_depth': 9, 'min_split_gain': 0.431680408390713}. Best is trial 33 with value: 0.5505787673251442.[0m
Training until validation scores don't improve for 50 rounds
Training until validation scores don't improve for 50 rounds
Training until validation scores don't improve for 50 rounds
Training until validation scores don't improve for 50 rounds
Training until validation scores don't improve for 50 rounds
[32m[I 2025-09-27 17:49:44,654][0m Trial 40 finished with value: 0.547879422098217 and parameters: {'num_leaves': 72, 'learning_rate': 0.022617291294695484, 'feature_fraction': 0.663696087435095, 'bagging_fraction': 0.5955307755901705, 'bagging_freq': 8, 'min_child_samples': 63, 'reg_alpha': 5.568451563214292, 'reg_lambda': 1.4474093785655042, 'max_depth': 8, 'min_split_gain': 0.6148943560219934}. Best is trial 33 with value: 0.5505787673251442.[0m
Training until validation scores don't improve for 50 rounds
Training until validation scores don't improve for 50 rounds
Training until validation scores don't improve for 50 rounds
Training until validation scores don't improve for 50 rounds
Training until validation scores don't improve for 50 rounds
[32m[I 2025-09-27 17:50:35,620][0m Trial 41 finished with value: 0.550129346379712 and parameters: {'num_leaves': 75, 'learning_rate': 0.017824036652090088, 'feature_fraction': 0.7937306532616769, 'bagging_fraction': 0.5496425680143789, 'bagging_freq': 6, 'min_child_samples': 13, 'reg_alpha': 5.116112788934805, 'reg_lambda': 6.016042289083115, 'max_depth': 9, 'min_split_gain': 0.5579451795563075}. Best is trial 33 with value: 0.5505787673251442.[0m
Training until validation scores don't improve for 50 rounds
Training until validation scores don't improve for 50 rounds
Training until validation scores don't improve for 50 rounds
Training until validation scores don't improve for 50 rounds
Training until validation scores don't improve for 50 rounds
[32m[I 2025-09-27 17:51:22,624][0m Trial 42 finished with value: 0.549669393275442 and parameters: {'num_leaves': 76, 'learning_rate': 0.012587351537092001, 'feature_fraction': 0.7965893670379149, 'bagging_fraction': 0.43178882377764005, 'bagging_freq': 7, 'min_child_samples': 11, 'reg_alpha': 5.97776675436904, 'reg_lambda': 6.163338109221252, 'max_depth': 9, 'min_split_gain': 0.536934662668106}. Best is trial 33 with value: 0.5505787673251442.[0m
Training until validation scores don't improve for 50 rounds
Training until validation scores don't improve for 50 rounds
Training until validation scores don't improve for 50 rounds
Training until validation scores don't improve for 50 rounds
Training until validation scores don't improve for 50 rounds
[32m[I 2025-09-27 17:52:08,960][0m Trial 43 finished with value: 0.5502557604113374 and parameters: {'num_leaves': 69, 'learning_rate': 0.012258934584423026, 'feature_fraction': 0.835034553749664, 'bagging_fraction': 0.42924881856964564, 'bagging_freq': 7, 'min_child_samples': 10, 'reg_alpha': 6.039330852058115, 'reg_lambda': 6.273239020445766, 'max_depth': 9, 'min_split_gain': 0.5375293112397361}. Best is trial 33 with value: 0.5505787673251442.[0m
Training until validation scores don't improve for 50 rounds
Training until validation scores don't improve for 50 rounds
Training until validation scores don't improve for 50 rounds
Training until validation scores don't improve for 50 rounds
Training until validation scores don't improve for 50 rounds
[32m[I 2025-09-27 17:53:06,040][0m Trial 44 finished with value: 0.5498659764301028 and parameters: {'num_leaves': 68, 'learning_rate': 0.012358832952480412, 'feature_fraction': 0.9034176440752765, 'bagging_fraction': 0.40310280855768377, 'bagging_freq': 7, 'min_child_samples': 10, 'reg_alpha': 6.950083934305873, 'reg_lambda': 6.514790764991808, 'max_depth': 9, 'min_split_gain': 0.33497648667152896}. Best is trial 33 with value: 0.5505787673251442.[0m
Training until validation scores don't improve for 50 rounds
Training until validation scores don't improve for 50 rounds
Training until validation scores don't improve for 50 rounds
Training until validation scores don't improve for 50 rounds
Training until validation scores don't improve for 50 rounds
[32m[I 2025-09-27 18:08:47,940][0m Trial 45 finished with value: 0.5494319655166353 and parameters: {'num_leaves': 69, 'learning_rate': 0.011932780642793189, 'feature_fraction': 0.8692900328892684, 'bagging_fraction': 0.40279762861948787, 'bagging_freq': 9, 'min_child_samples': 9, 'reg_alpha': 9.080874923529528, 'reg_lambda': 6.67386152366256, 'max_depth': 9, 'min_split_gain': 0.45444267151746925}. Best is trial 33 with value: 0.5505787673251442.[0m
Training until validation scores don't improve for 50 rounds
Training until validation scores don't improve for 50 rounds
Training until validation scores don't improve for 50 rounds
Training until validation scores don't improve for 50 rounds
Training until validation scores don't improve for 50 rounds
[32m[I 2025-09-27 18:12:28,706][0m Trial 46 finished with value: 0.5444223292889119 and parameters: {'num_leaves': 60, 'learning_rate': 0.017478625554684424, 'feature_fraction': 0.9153091311944196, 'bagging_fraction': 0.43764295410394005, 'bagging_freq': 8, 'min_child_samples': 27, 'reg_alpha': 7.8506098672726745, 'reg_lambda': 2.0202388370881565, 'max_depth': 10, 'min_split_gain': 0.3498412242537997}. Best is trial 33 with value: 0.5505787673251442.[0m
Training until validation scores don't improve for 50 rounds
Training until validation scores don't improve for 50 rounds
Training until validation scores don't improve for 50 rounds
Training until validation scores don't improve for 50 rounds
Training until validation scores don't improve for 50 rounds
[32m[I 2025-09-27 18:13:13,355][0m Trial 47 finished with value: 0.5496518434945543 and parameters: {'num_leaves': 64, 'learning_rate': 0.0101041451072813, 'feature_fraction': 0.8366773634581773, 'bagging_fraction': 0.4924091564276352, 'bagging_freq': 7, 'min_child_samples': 32, 'reg_alpha': 6.670237259084472, 'reg_lambda': 7.085305742266187, 'max_depth': 9, 'min_split_gain': 0.6809958392723253}. Best is trial 33 with value: 0.5505787673251442.[0m
Training until validation scores don't improve for 50 rounds
Training until validation scores don't improve for 50 rounds
Training until validation scores don't improve for 50 rounds
Training until validation scores don't improve for 50 rounds
Training until validation scores don't improve for 50 rounds
[32m[I 2025-09-27 18:13:52,954][0m Trial 48 finished with value: 0.5497043807367947 and parameters: {'num_leaves': 57, 'learning_rate': 0.013062843028798357, 'feature_fraction': 0.9229097985044419, 'bagging_fraction': 0.424510845518503, 'bagging_freq': 7, 'min_child_samples': 24, 'reg_alpha': 7.167729484977439, 'reg_lambda': 3.8858082238736302, 'max_depth': 7, 'min_split_gain': 0.35779848170927764}. Best is trial 33 with value: 0.5505787673251442.[0m
Training until validation scores don't improve for 50 rounds
Training until validation scores don't improve for 50 rounds
Training until validation scores don't improve for 50 rounds
Training until validation scores don't improve for 50 rounds
Training until validation scores don't improve for 50 rounds
[32m[I 2025-09-27 18:14:32,717][0m Trial 49 finished with value: 0.548748913222184 and parameters: {'num_leaves': 51, 'learning_rate': 0.016885367919297838, 'feature_fraction': 0.932338725573124, 'bagging_fraction': 0.4067345819667285, 'bagging_freq': 7, 'min_child_samples': 24, 'reg_alpha': 8.744773236543807, 'reg_lambda': 6.1875829567334195, 'max_depth': 7, 'min_split_gain': 0.3463890010928335}. Best is trial 33 with value: 0.5505787673251442.[0m
Training until validation scores don't improve for 50 rounds
Training until validation scores don't improve for 50 rounds
Training until validation scores don't improve for 50 rounds
Training until validation scores don't improve for 50 rounds
Training until validation scores don't improve for 50 rounds
[32m[I 2025-09-27 18:15:01,610][0m Trial 50 finished with value: 0.5455008335586855 and parameters: {'num_leaves': 55, 'learning_rate': 0.011117684112812479, 'feature_fraction': 0.8868902824598787, 'bagging_fraction': 0.4344773603580427, 'bagging_freq': 6, 'min_child_samples': 10, 'reg_alpha': 7.697893981169943, 'reg_lambda': 4.259580689379806, 'max_depth': 5, 'min_split_gain': 0.29265448892926427}. Best is trial 33 with value: 0.5505787673251442.[0m
Training until validation scores don't improve for 50 rounds
Training until validation scores don't improve for 50 rounds
Training until validation scores don't improve for 50 rounds
Training until validation scores don't improve for 50 rounds
Training until validation scores don't improve for 50 rounds
[32m[I 2025-09-27 18:15:47,220][0m Trial 51 finished with value: 0.5498285731496695 and parameters: {'num_leaves': 69, 'learning_rate': 0.013044318512314914, 'feature_fraction': 0.9974499713611734, 'bagging_fraction': 0.4719778435238311, 'bagging_freq': 8, 'min_child_samples': 17, 'reg_alpha': 6.93348297241454, 'reg_lambda': 3.626044355368319, 'max_depth': 8, 'min_split_gain': 0.4951642283681149}. Best is trial 33 with value: 0.5505787673251442.[0m
Training until validation scores don't improve for 50 rounds
Training until validation scores don't improve for 50 rounds
Training until validation scores don't improve for 50 rounds
Training until validation scores don't improve for 50 rounds
Training until validation scores don't improve for 50 rounds
[32m[I 2025-09-27 18:16:32,980][0m Trial 52 finished with value: 0.5484705177123378 and parameters: {'num_leaves': 58, 'learning_rate': 0.012706813830491276, 'feature_fraction': 0.959134879384116, 'bagging_fraction': 0.5411200455833802, 'bagging_freq': 7, 'min_child_samples': 16, 'reg_alpha': 7.16926875464339, 'reg_lambda': 3.8829066154219825, 'max_depth': 8, 'min_split_gain': 0.5110203285937789}. Best is trial 33 with value: 0.5505787673251442.[0m
Training until validation scores don't improve for 50 rounds
Training until validation scores don't improve for 50 rounds
Training until validation scores don't improve for 50 rounds
Training until validation scores don't improve for 50 rounds
Training until validation scores don't improve for 50 rounds
[32m[I 2025-09-27 18:17:16,283][0m Trial 53 finished with value: 0.5447102336363029 and parameters: {'num_leaves': 70, 'learning_rate': 0.021447606953875716, 'feature_fraction': 0.9864010197218178, 'bagging_fraction': 0.49810138513870683, 'bagging_freq': 9, 'min_child_samples': 18, 'reg_alpha': 6.900807547633691, 'reg_lambda': 2.973618644170882, 'max_depth': 7, 'min_split_gain': 0.3832700790525712}. Best is trial 33 with value: 0.5505787673251442.[0m
Training until validation scores don't improve for 50 rounds
Training until validation scores don't improve for 50 rounds
Training until validation scores don't improve for 50 rounds
Training until validation scores don't improve for 50 rounds
Training until validation scores don't improve for 50 rounds
