[32m[I 2025-09-27 18:18:03,587][0m Trial 54 finished with value: 0.5501740429296875 and parameters: {'num_leaves': 85, 'learning_rate': 0.011158936139939788, 'feature_fraction': 0.8956665969161021, 'bagging_fraction': 0.4506370691666389, 'bagging_freq': 8, 'min_child_samples': 23, 'reg_alpha': 8.233083082710813, 'reg_lambda': 4.4113867919303145, 'max_depth': 10, 'min_split_gain': 0.46879275855289826}. Best is trial 33 with value: 0.5505787673251442.[0m
Training until validation scores don't improve for 50 rounds
Training until validation scores don't improve for 50 rounds
Training until validation scores don't improve for 50 rounds
Training until validation scores don't improve for 50 rounds
Training until validation scores don't improve for 50 rounds
[32m[I 2025-09-27 18:18:52,901][0m Trial 55 finished with value: 0.5494323043590699 and parameters: {'num_leaves': 83, 'learning_rate': 0.011425681582524742, 'feature_fraction': 0.8916527393397423, 'bagging_fraction': 0.517947829640397, 'bagging_freq': 8, 'min_child_samples': 12, 'reg_alpha': 8.21059600407838, 'reg_lambda': 4.365438788683115, 'max_depth': 10, 'min_split_gain': 0.47057910956533655}. Best is trial 33 with value: 0.5505787673251442.[0m
Training until validation scores don't improve for 50 rounds
Training until validation scores don't improve for 50 rounds
Training until validation scores don't improve for 50 rounds
Training until validation scores don't improve for 50 rounds
Training until validation scores don't improve for 50 rounds
[32m[I 2025-09-27 18:19:41,192][0m Trial 56 finished with value: 0.5439527504115226 and parameters: {'num_leaves': 89, 'learning_rate': 0.22217679470776866, 'feature_fraction': 0.9569724512434874, 'bagging_fraction': 0.5874760895278736, 'bagging_freq': 9, 'min_child_samples': 9, 'reg_alpha': 9.633254209750284, 'reg_lambda': 5.026083251862209, 'max_depth': 11, 'min_split_gain': 0.4365418354336322}. Best is trial 33 with value: 0.5505787673251442.[0m
Training until validation scores don't improve for 50 rounds
Training until validation scores don't improve for 50 rounds
Training until validation scores don't improve for 50 rounds
Training until validation scores don't improve for 50 rounds
Training until validation scores don't improve for 50 rounds
[32m[I 2025-09-27 18:20:33,867][0m Trial 57 finished with value: 0.5493221521469726 and parameters: {'num_leaves': 94, 'learning_rate': 0.019189885231462707, 'feature_fraction': 0.8326861662200034, 'bagging_fraction': 0.4815008654985051, 'bagging_freq': 9, 'min_child_samples': 19, 'reg_alpha': 6.3010857188063945, 'reg_lambda': 2.325494302725862, 'max_depth': 10, 'min_split_gain': 0.50115432385791}. Best is trial 33 with value: 0.5505787673251442.[0m
Training until validation scores don't improve for 50 rounds
Training until validation scores don't improve for 50 rounds
Training until validation scores don't improve for 50 rounds
Training until validation scores don't improve for 50 rounds
Training until validation scores don't improve for 50 rounds
[32m[I 2025-09-27 18:21:17,763][0m Trial 58 finished with value: 0.5467296050185816 and parameters: {'num_leaves': 87, 'learning_rate': 0.01645252146656423, 'feature_fraction': 0.734397048214368, 'bagging_fraction': 0.4509878511037281, 'bagging_freq': 7, 'min_child_samples': 84, 'reg_alpha': 8.652051121385794, 'reg_lambda': 7.636335719782109, 'max_depth': 9, 'min_split_gain': 0.5370045613918085}. Best is trial 33 with value: 0.5505787673251442.[0m
Training until validation scores don't improve for 50 rounds
Training until validation scores don't improve for 50 rounds
Training until validation scores don't improve for 50 rounds
Training until validation scores don't improve for 50 rounds
Training until validation scores don't improve for 50 rounds
[32m[I 2025-09-27 18:22:05,553][0m Trial 59 finished with value: 0.5487079650229942 and parameters: {'num_leaves': 81, 'learning_rate': 0.010131626337627361, 'feature_fraction': 0.7902105203306905, 'bagging_fraction': 0.6194525869462991, 'bagging_freq': 8, 'min_child_samples': 23, 'reg_alpha': 7.548518792280598, 'reg_lambda': 6.408279169329959, 'max_depth': 10, 'min_split_gain': 0.655919174164722}. Best is trial 33 with value: 0.5505787673251442.[0m
Training until validation scores don't improve for 50 rounds
Training until validation scores don't improve for 50 rounds
Training until validation scores don't improve for 50 rounds
Training until validation scores don't improve for 50 rounds
Training until validation scores don't improve for 50 rounds
[32m[I 2025-09-27 18:30:19,883][0m Trial 60 finished with value: 0.5457039506882099 and parameters: {'num_leaves': 73, 'learning_rate': 0.024139274814445746, 'feature_fraction': 0.9986276136586205, 'bagging_fraction': 0.5762095951726016, 'bagging_freq': 6, 'min_child_samples': 34, 'reg_alpha': 6.183358182069889, 'reg_lambda': 6.039340977372433, 'max_depth': 11, 'min_split_gain': 0.4002522882118807}. Best is trial 33 with value: 0.5505787673251442.[0m
Training until validation scores don't improve for 50 rounds
Training until validation scores don't improve for 50 rounds
Training until validation scores don't improve for 50 rounds
Training until validation scores don't improve for 50 rounds
Training until validation scores don't improve for 50 rounds
[32m[I 2025-09-27 18:30:53,834][0m Trial 61 finished with value: 0.5485744655336735 and parameters: {'num_leaves': 51, 'learning_rate': 0.013564461186944298, 'feature_fraction': 0.913096964289493, 'bagging_fraction': 0.424190994729495, 'bagging_freq': 7, 'min_child_samples': 22, 'reg_alpha': 6.943857678391307, 'reg_lambda': 4.580871475547053, 'max_depth': 6, 'min_split_gain': 0.3748863974256278}. Best is trial 33 with value: 0.5505787673251442.[0m
Training until validation scores don't improve for 50 rounds
Training until validation scores don't improve for 50 rounds
Training until validation scores don't improve for 50 rounds
Training until validation scores don't improve for 50 rounds
Training until validation scores don't improve for 50 rounds
[32m[I 2025-09-27 18:31:35,822][0m Trial 62 finished with value: 0.5502354325627776 and parameters: {'num_leaves': 64, 'learning_rate': 0.010941371889967785, 'feature_fraction': 0.8633742196872777, 'bagging_fraction': 0.40270176351680986, 'bagging_freq': 8, 'min_child_samples': 14, 'reg_alpha': 8.124885751219258, 'reg_lambda': 3.985081350417094, 'max_depth': 8, 'min_split_gain': 0.24068598823629428}. Best is trial 33 with value: 0.5505787673251442.[0m
Training until validation scores don't improve for 50 rounds
Training until validation scores don't improve for 50 rounds
Training until validation scores don't improve for 50 rounds
Training until validation scores don't improve for 50 rounds
Training until validation scores don't improve for 50 rounds
[32m[I 2025-09-27 18:32:17,042][0m Trial 63 finished with value: 0.5506038254891212 and parameters: {'num_leaves': 64, 'learning_rate': 0.011040726753521243, 'feature_fraction': 0.8627994604951843, 'bagging_fraction': 0.4030390981736208, 'bagging_freq': 8, 'min_child_samples': 14, 'reg_alpha': 9.486763454809228, 'reg_lambda': 5.10887698847921, 'max_depth': 8, 'min_split_gain': 0.3105923824678004}. Best is trial 63 with value: 0.5506038254891212.[0m
Training until validation scores don't improve for 50 rounds
Training until validation scores don't improve for 50 rounds
Training until validation scores don't improve for 50 rounds
Training until validation scores don't improve for 50 rounds
Training until validation scores don't improve for 50 rounds
[32m[I 2025-09-27 18:32:58,661][0m Trial 64 finished with value: 0.5502929831177517 and parameters: {'num_leaves': 64, 'learning_rate': 0.011162596540243985, 'feature_fraction': 0.8632626127134566, 'bagging_fraction': 0.40986530399271853, 'bagging_freq': 8, 'min_child_samples': 8, 'reg_alpha': 9.356472204355764, 'reg_lambda': 5.418343055424382, 'max_depth': 8, 'min_split_gain': 0.24770328980051076}. Best is trial 63 with value: 0.5506038254891212.[0m
Training until validation scores don't improve for 50 rounds
Training until validation scores don't improve for 50 rounds
Training until validation scores don't improve for 50 rounds
Training until validation scores don't improve for 50 rounds
Training until validation scores don't improve for 50 rounds
[32m[I 2025-09-27 18:33:40,758][0m Trial 65 finished with value: 0.5505722436617908 and parameters: {'num_leaves': 64, 'learning_rate': 0.011129592927925688, 'feature_fraction': 0.8689494027402208, 'bagging_fraction': 0.4469596148005397, 'bagging_freq': 8, 'min_child_samples': 5, 'reg_alpha': 9.965223473978373, 'reg_lambda': 5.28968820026827, 'max_depth': 8, 'min_split_gain': 0.2255673330762219}. Best is trial 63 with value: 0.5506038254891212.[0m
Training until validation scores don't improve for 50 rounds
Training until validation scores don't improve for 50 rounds
Training until validation scores don't improve for 50 rounds
Training until validation scores don't improve for 50 rounds
Training until validation scores don't improve for 50 rounds
[32m[I 2025-09-27 18:34:22,873][0m Trial 66 finished with value: 0.5495434161189946 and parameters: {'num_leaves': 64, 'learning_rate': 0.01104724787244744, 'feature_fraction': 0.8622532417511859, 'bagging_fraction': 0.4487969133241113, 'bagging_freq': 9, 'min_child_samples': 5, 'reg_alpha': 9.735562579963796, 'reg_lambda': 5.082911809515445, 'max_depth': 8, 'min_split_gain': 0.2656487409578721}. Best is trial 63 with value: 0.5506038254891212.[0m
Training until validation scores don't improve for 50 rounds
Training until validation scores don't improve for 50 rounds
Training until validation scores don't improve for 50 rounds
Training until validation scores don't improve for 50 rounds
Training until validation scores don't improve for 50 rounds
[32m[I 2025-09-27 18:34:55,969][0m Trial 67 finished with value: 0.5472961803960613 and parameters: {'num_leaves': 64, 'learning_rate': 0.011018493556159154, 'feature_fraction': 0.8268445386720337, 'bagging_fraction': 0.41654823688810855, 'bagging_freq': 8, 'min_child_samples': 7, 'reg_alpha': 9.203787394461061, 'reg_lambda': 5.615192601858714, 'max_depth': 6, 'min_split_gain': 0.21835271643295315}. Best is trial 63 with value: 0.5506038254891212.[0m
Training until validation scores don't improve for 50 rounds
Training until validation scores don't improve for 50 rounds
Training until validation scores don't improve for 50 rounds
Training until validation scores don't improve for 50 rounds
Training until validation scores don't improve for 50 rounds
[32m[I 2025-09-27 18:35:37,241][0m Trial 68 finished with value: 0.5495249960107607 and parameters: {'num_leaves': 46, 'learning_rate': 0.011199963172187456, 'feature_fraction': 0.887277777271746, 'bagging_fraction': 0.4414209989096955, 'bagging_freq': 9, 'min_child_samples': 14, 'reg_alpha': 9.960242751289565, 'reg_lambda': 5.404973768110721, 'max_depth': 8, 'min_split_gain': 0.17104271329952406}. Best is trial 63 with value: 0.5506038254891212.[0m
Training until validation scores don't improve for 50 rounds
Training until validation scores don't improve for 50 rounds
Training until validation scores don't improve for 50 rounds
Training until validation scores don't improve for 50 rounds
Training until validation scores don't improve for 50 rounds
[32m[I 2025-09-27 18:36:15,637][0m Trial 69 finished with value: 0.5451163289844636 and parameters: {'num_leaves': 60, 'learning_rate': 0.01546879787524108, 'feature_fraction': 0.8503743795034917, 'bagging_fraction': 0.4023473026229003, 'bagging_freq': 10, 'min_child_samples': 98, 'reg_alpha': 9.33997120358489, 'reg_lambda': 4.458659352666929, 'max_depth': 7, 'min_split_gain': 0.19235242584766454}. Best is trial 63 with value: 0.5506038254891212.[0m
Training until validation scores don't improve for 50 rounds
Training until validation scores don't improve for 50 rounds
Training until validation scores don't improve for 50 rounds
Training until validation scores don't improve for 50 rounds
Training until validation scores don't improve for 50 rounds
[32m[I 2025-09-27 18:36:46,545][0m Trial 70 finished with value: 0.5456029764610022 and parameters: {'num_leaves': 20, 'learning_rate': 0.0586988483130095, 'feature_fraction': 0.8732071872451905, 'bagging_fraction': 0.5045520281213304, 'bagging_freq': 8, 'min_child_samples': 8, 'reg_alpha': 8.914701525807441, 'reg_lambda': 4.914847159022423, 'max_depth': 8, 'min_split_gain': 0.25360434292954137}. Best is trial 63 with value: 0.5506038254891212.[0m
Training until validation scores don't improve for 50 rounds
Training until validation scores don't improve for 50 rounds
Training until validation scores don't improve for 50 rounds
Training until validation scores don't improve for 50 rounds
Training until validation scores don't improve for 50 rounds
[32m[I 2025-09-27 18:37:31,111][0m Trial 71 finished with value: 0.5501147722757457 and parameters: {'num_leaves': 73, 'learning_rate': 0.010017803381697958, 'feature_fraction': 0.8086788091429353, 'bagging_fraction': 0.45964248483249637, 'bagging_freq': 8, 'min_child_samples': 13, 'reg_alpha': 8.475996492387136, 'reg_lambda': 5.864213272765338, 'max_depth': 9, 'min_split_gain': 0.14054930132175097}. Best is trial 63 with value: 0.5506038254891212.[0m
Training until validation scores don't improve for 50 rounds
Training until validation scores don't improve for 50 rounds
Training until validation scores don't improve for 50 rounds
Training until validation scores don't improve for 50 rounds
Training until validation scores don't improve for 50 rounds
[32m[I 2025-09-27 18:38:19,480][0m Trial 72 finished with value: 0.5486337963598915 and parameters: {'num_leaves': 75, 'learning_rate': 0.019804504733760175, 'feature_fraction': 0.8437347169907418, 'bagging_fraction': 0.4295363573423797, 'bagging_freq': 8, 'min_child_samples': 14, 'reg_alpha': 9.577030410227767, 'reg_lambda': 4.1389924206911015, 'max_depth': 9, 'min_split_gain': 0.3081737767318721}. Best is trial 63 with value: 0.5506038254891212.[0m
Training until validation scores don't improve for 50 rounds
Training until validation scores don't improve for 50 rounds
Training until validation scores don't improve for 50 rounds
Training until validation scores don't improve for 50 rounds
Training until validation scores don't improve for 50 rounds
[32m[I 2025-09-27 18:39:01,958][0m Trial 73 finished with value: 0.5488940423144919 and parameters: {'num_leaves': 65, 'learning_rate': 0.014498885390518718, 'feature_fraction': 0.7863249784971442, 'bagging_fraction': 0.4785400388770647, 'bagging_freq': 8, 'min_child_samples': 5, 'reg_alpha': 9.323514062128087, 'reg_lambda': 5.203268236234816, 'max_depth': 8, 'min_split_gain': 0.9911280929114685}. Best is trial 63 with value: 0.5506038254891212.[0m
Training until validation scores don't improve for 50 rounds
Training until validation scores don't improve for 50 rounds
Training until validation scores don't improve for 50 rounds
Training until validation scores don't improve for 50 rounds
Training until validation scores don't improve for 50 rounds
[32m[I 2025-09-27 18:39:49,588][0m Trial 74 finished with value: 0.5492280964741517 and parameters: {'num_leaves': 62, 'learning_rate': 0.012097759244698168, 'feature_fraction': 0.8625442783981387, 'bagging_fraction': 0.451175291049823, 'bagging_freq': 7, 'min_child_samples': 20, 'reg_alpha': 8.197497846370807, 'reg_lambda': 5.544282523261851, 'max_depth': 10, 'min_split_gain': 0.30737316798012243}. Best is trial 63 with value: 0.5506038254891212.[0m
Training until validation scores don't improve for 50 rounds
Training until validation scores don't improve for 50 rounds
Training until validation scores don't improve for 50 rounds
Training until validation scores don't improve for 50 rounds
Training until validation scores don't improve for 50 rounds
[32m[I 2025-09-27 18:40:26,741][0m Trial 75 finished with value: 0.548976392381115 and parameters: {'num_leaves': 32, 'learning_rate': 0.029536355388216157, 'feature_fraction': 0.7446364854357801, 'bagging_fraction': 0.41788773641780763, 'bagging_freq': 6, 'min_child_samples': 17, 'reg_alpha': 8.917982957165124, 'reg_lambda': 3.0301230810549047, 'max_depth': 7, 'min_split_gain': 0.22913917566602987}. Best is trial 63 with value: 0.5506038254891212.[0m
Training until validation scores don't improve for 50 rounds
Training until validation scores don't improve for 50 rounds
Training until validation scores don't improve for 50 rounds
Training until validation scores don't improve for 50 rounds
Training until validation scores don't improve for 50 rounds
[32m[I 2025-09-27 18:41:15,069][0m Trial 76 finished with value: 0.5470933828606755 and parameters: {'num_leaves': 71, 'learning_rate': 0.01381398048255521, 'feature_fraction': 0.8186709234780577, 'bagging_fraction': 0.5335343869934586, 'bagging_freq': 8, 'min_child_samples': 11, 'reg_alpha': 9.992494476343232, 'reg_lambda': 6.935265390112706, 'max_depth': 9, 'min_split_gain': 0.5652102168476365}. Best is trial 63 with value: 0.5506038254891212.[0m
Training until validation scores don't improve for 50 rounds
Training until validation scores don't improve for 50 rounds
Training until validation scores don't improve for 50 rounds
Training until validation scores don't improve for 50 rounds
Training until validation scores don't improve for 50 rounds
[32m[I 2025-09-27 18:56:51,115][0m Trial 77 finished with value: 0.5479751262584961 and parameters: {'num_leaves': 86, 'learning_rate': 0.016593265743704125, 'feature_fraction': 0.8989300238568187, 'bagging_fraction': 0.5118640224288802, 'bagging_freq': 5, 'min_child_samples': 8, 'reg_alpha': 0.6743080732647746, 'reg_lambda': 4.858863329202306, 'max_depth': 8, 'min_split_gain': 0.2088545526174087}. Best is trial 63 with value: 0.5506038254891212.[0m
Training until validation scores don't improve for 50 rounds
Training until validation scores don't improve for 50 rounds
Training until validation scores don't improve for 50 rounds
Training until validation scores don't improve for 50 rounds
Training until validation scores don't improve for 50 rounds
[32m[I 2025-09-27 19:11:14,111][0m Trial 78 finished with value: 0.5470510003080218 and parameters: {'num_leaves': 79, 'learning_rate': 0.018665822693917977, 'feature_fraction': 0.8079276595515102, 'bagging_fraction': 0.46535678294008487, 'bagging_freq': 9, 'min_child_samples': 60, 'reg_alpha': 4.37251052936645, 'reg_lambda': 5.9503266850894425, 'max_depth': 9, 'min_split_gain': 0.12474210615075365}. Best is trial 63 with value: 0.5506038254891212.[0m
Training until validation scores don't improve for 50 rounds
Training until validation scores don't improve for 50 rounds
Training until validation scores don't improve for 50 rounds
Training until validation scores don't improve for 50 rounds
Training until validation scores don't improve for 50 rounds
[32m[I 2025-09-27 19:12:00,483][0m Trial 79 finished with value: 0.5501734342322823 and parameters: {'num_leaves': 84, 'learning_rate': 0.011004306820406281, 'feature_fraction': 0.7787968027944167, 'bagging_fraction': 0.4208241750508541, 'bagging_freq': 9, 'min_child_samples': 14, 'reg_alpha': 8.028483641002454, 'reg_lambda': 3.7060436842811812, 'max_depth': 10, 'min_split_gain': 0.05707876594583661}. Best is trial 63 with value: 0.5506038254891212.[0m
Training until validation scores don't improve for 50 rounds
Training until validation scores don't improve for 50 rounds
Training until validation scores don't improve for 50 rounds
Training until validation scores don't improve for 50 rounds
Training until validation scores don't improve for 50 rounds
[32m[I 2025-09-27 19:12:47,466][0m Trial 80 finished with value: 0.5493196080302337 and parameters: {'num_leaves': 84, 'learning_rate': 0.010801096281097692, 'feature_fraction': 0.748437201846388, 'bagging_fraction': 0.400593957145836, 'bagging_freq': 10, 'min_child_samples': 21, 'reg_alpha': 8.107960906605744, 'reg_lambda': 3.6085970021885823, 'max_depth': 15, 'min_split_gain': 0.036625540439970766}. Best is trial 63 with value: 0.5506038254891212.[0m
Training until validation scores don't improve for 50 rounds
Training until validation scores don't improve for 50 rounds
Training until validation scores don't improve for 50 rounds
Training until validation scores don't improve for 50 rounds
Training until validation scores don't improve for 50 rounds
[32m[I 2025-09-27 19:13:36,218][0m Trial 81 finished with value: 0.5502840110428082 and parameters: {'num_leaves': 76, 'learning_rate': 0.011775093178510367, 'feature_fraction': 0.8755770189677813, 'bagging_fraction': 0.4203956915470292, 'bagging_freq': 9, 'min_child_samples': 14, 'reg_alpha': 8.522321351235066, 'reg_lambda': 3.127261049806952, 'max_depth': 10, 'min_split_gain': 0.04071302477687583}. Best is trial 63 with value: 0.5506038254891212.[0m
Training until validation scores don't improve for 50 rounds
Training until validation scores don't improve for 50 rounds
Training until validation scores don't improve for 50 rounds
Training until validation scores don't improve for 50 rounds
Training until validation scores don't improve for 50 rounds
