[32m[I 2025-09-27 19:14:26,429][0m Trial 82 finished with value: 0.5498844270378643 and parameters: {'num_leaves': 92, 'learning_rate': 0.011676221126849034, 'feature_fraction': 0.8802257374342085, 'bagging_fraction': 0.4282623282986451, 'bagging_freq': 9, 'min_child_samples': 15, 'reg_alpha': 8.49085518602247, 'reg_lambda': 3.074882968412181, 'max_depth': 11, 'min_split_gain': 0.056801711804404895}. Best is trial 63 with value: 0.5506038254891212.[0m
Training until validation scores don't improve for 50 rounds
Training until validation scores don't improve for 50 rounds
Training until validation scores don't improve for 50 rounds
Training until validation scores don't improve for 50 rounds
Training until validation scores don't improve for 50 rounds
[32m[I 2025-09-27 19:15:11,608][0m Trial 83 finished with value: 0.5498624756095294 and parameters: {'num_leaves': 58, 'learning_rate': 0.013323892773946248, 'feature_fraction': 0.7060512424502223, 'bagging_fraction': 0.41326789061665264, 'bagging_freq': 10, 'min_child_samples': 11, 'reg_alpha': 9.411971857424696, 'reg_lambda': 3.7257589787287992, 'max_depth': 10, 'min_split_gain': 0.10831340255454094}. Best is trial 63 with value: 0.5506038254891212.[0m
Training until validation scores don't improve for 50 rounds
Training until validation scores don't improve for 50 rounds
Training until validation scores don't improve for 50 rounds
Training until validation scores don't improve for 50 rounds
Training until validation scores don't improve for 50 rounds
[32m[I 2025-09-27 19:16:00,988][0m Trial 84 finished with value: 0.5497214048577661 and parameters: {'num_leaves': 66, 'learning_rate': 0.011870147177479527, 'feature_fraction': 0.9436357819259524, 'bagging_fraction': 0.44071045019395483, 'bagging_freq': 9, 'min_child_samples': 18, 'reg_alpha': 7.972419722318487, 'reg_lambda': 4.0458771586309, 'max_depth': 10, 'min_split_gain': 0.03538324430033901}. Best is trial 63 with value: 0.5506038254891212.[0m
Training until validation scores don't improve for 50 rounds
Training until validation scores don't improve for 50 rounds
Training until validation scores don't improve for 50 rounds
Training until validation scores don't improve for 50 rounds
Training until validation scores don't improve for 50 rounds
[32m[I 2025-09-27 19:16:49,167][0m Trial 85 finished with value: 0.5495565922142199 and parameters: {'num_leaves': 76, 'learning_rate': 0.015437454613876501, 'feature_fraction': 0.7774117939815902, 'bagging_fraction': 0.4550867490323673, 'bagging_freq': 9, 'min_child_samples': 70, 'reg_alpha': 8.920546956025962, 'reg_lambda': 3.1830226254990235, 'max_depth': 11, 'min_split_gain': 0.003968000398321923}. Best is trial 63 with value: 0.5506038254891212.[0m
Training until validation scores don't improve for 50 rounds
Training until validation scores don't improve for 50 rounds
Training until validation scores don't improve for 50 rounds
Training until validation scores don't improve for 50 rounds
Training until validation scores don't improve for 50 rounds
[32m[I 2025-09-27 19:17:32,338][0m Trial 86 finished with value: 0.5498387192080179 and parameters: {'num_leaves': 62, 'learning_rate': 0.010051109633065651, 'feature_fraction': 0.857302197470074, 'bagging_fraction': 0.48666631314672243, 'bagging_freq': 8, 'min_child_samples': 7, 'reg_alpha': 8.679012704208471, 'reg_lambda': 2.516452898917848, 'max_depth': 8, 'min_split_gain': 0.16200542487207104}. Best is trial 63 with value: 0.5506038254891212.[0m
Training until validation scores don't improve for 50 rounds
Training until validation scores don't improve for 50 rounds
Training until validation scores don't improve for 50 rounds
Training until validation scores don't improve for 50 rounds
Training until validation scores don't improve for 50 rounds
[32m[I 2025-09-27 19:18:20,611][0m Trial 87 finished with value: 0.5484376971295368 and parameters: {'num_leaves': 70, 'learning_rate': 0.013956462681446659, 'feature_fraction': 0.9054522085134301, 'bagging_fraction': 0.41827940976899014, 'bagging_freq': 8, 'min_child_samples': 27, 'reg_alpha': 9.058186777467167, 'reg_lambda': 4.620119823149199, 'max_depth': 10, 'min_split_gain': 0.07870360895345968}. Best is trial 63 with value: 0.5506038254891212.[0m
Training until validation scores don't improve for 50 rounds
Training until validation scores don't improve for 50 rounds
Training until validation scores don't improve for 50 rounds
Training until validation scores don't improve for 50 rounds
Training until validation scores don't improve for 50 rounds
[32m[I 2025-09-27 19:19:05,399][0m Trial 88 finished with value: 0.550605822429813 and parameters: {'num_leaves': 79, 'learning_rate': 0.010802068701021229, 'feature_fraction': 0.8435256872701616, 'bagging_fraction': 0.4339065964078601, 'bagging_freq': 8, 'min_child_samples': 14, 'reg_alpha': 7.78719739073039, 'reg_lambda': 4.343768156500813, 'max_depth': 9, 'min_split_gain': 0.25441549997279617}. Best is trial 88 with value: 0.550605822429813.[0m
Training until validation scores don't improve for 50 rounds
Training until validation scores don't improve for 50 rounds
Training until validation scores don't improve for 50 rounds
Training until validation scores don't improve for 50 rounds
Training until validation scores don't improve for 50 rounds
[32m[I 2025-09-27 19:19:56,910][0m Trial 89 finished with value: 0.5482461606413871 and parameters: {'num_leaves': 79, 'learning_rate': 0.012305305357787191, 'feature_fraction': 0.8416602485019405, 'bagging_fraction': 0.8854544732866246, 'bagging_freq': 8, 'min_child_samples': 9, 'reg_alpha': 9.768204816922825, 'reg_lambda': 5.115758235773562, 'max_depth': 9, 'min_split_gain': 0.27128951669125023}. Best is trial 88 with value: 0.550605822429813.[0m
Training until validation scores don't improve for 50 rounds
Training until validation scores don't improve for 50 rounds
Training until validation scores don't improve for 50 rounds
Training until validation scores don't improve for 50 rounds
Training until validation scores don't improve for 50 rounds
[32m[I 2025-09-27 19:20:42,273][0m Trial 90 finished with value: 0.5496569431028357 and parameters: {'num_leaves': 68, 'learning_rate': 0.015615505694151776, 'feature_fraction': 0.875029338590314, 'bagging_fraction': 0.44096639141837213, 'bagging_freq': 7, 'min_child_samples': 17, 'reg_alpha': 7.640003269321872, 'reg_lambda': 4.28185962874104, 'max_depth': 8, 'min_split_gain': 0.32292533864799405}. Best is trial 88 with value: 0.550605822429813.[0m
Training until validation scores don't improve for 50 rounds
Training until validation scores don't improve for 50 rounds
Training until validation scores don't improve for 50 rounds
Training until validation scores don't improve for 50 rounds
Training until validation scores don't improve for 50 rounds
[32m[I 2025-09-27 19:21:31,404][0m Trial 91 finished with value: 0.5493889721573776 and parameters: {'num_leaves': 84, 'learning_rate': 0.010958719337033468, 'feature_fraction': 0.8244335567879122, 'bagging_fraction': 0.40011391308694866, 'bagging_freq': 9, 'min_child_samples': 46, 'reg_alpha': 7.89425485145798, 'reg_lambda': 3.351518773519755, 'max_depth': 10, 'min_split_gain': 0.23172196059098732}. Best is trial 88 with value: 0.550605822429813.[0m
Training until validation scores don't improve for 50 rounds
Training until validation scores don't improve for 50 rounds
Training until validation scores don't improve for 50 rounds
Training until validation scores don't improve for 50 rounds
Training until validation scores don't improve for 50 rounds
[32m[I 2025-09-27 19:37:17,444][0m Trial 92 finished with value: 0.550376692702934 and parameters: {'num_leaves': 81, 'learning_rate': 0.010604617392460979, 'feature_fraction': 0.8465905967368925, 'bagging_fraction': 0.4308817307199356, 'bagging_freq': 8, 'min_child_samples': 14, 'reg_alpha': 8.325748516904909, 'reg_lambda': 3.708206005511766, 'max_depth': 9, 'min_split_gain': 0.10994053460924263}. Best is trial 88 with value: 0.550605822429813.[0m
Training until validation scores don't improve for 50 rounds
Training until validation scores don't improve for 50 rounds
Training until validation scores don't improve for 50 rounds
Training until validation scores don't improve for 50 rounds
Training until validation scores don't improve for 50 rounds
[32m[I 2025-09-27 19:45:36,261][0m Trial 93 finished with value: 0.548755933439183 and parameters: {'num_leaves': 74, 'learning_rate': 0.012949459355797435, 'feature_fraction': 0.8545257860164199, 'bagging_fraction': 0.4667450266063101, 'bagging_freq': 8, 'min_child_samples': 12, 'reg_alpha': 8.30899983155068, 'reg_lambda': 4.401286083769889, 'max_depth': 9, 'min_split_gain': 0.2066381691664222}. Best is trial 88 with value: 0.550605822429813.[0m
Training until validation scores don't improve for 50 rounds
Training until validation scores don't improve for 50 rounds
Training until validation scores don't improve for 50 rounds
Training until validation scores don't improve for 50 rounds
Training until validation scores don't improve for 50 rounds
[32m[I 2025-09-27 19:46:17,588][0m Trial 94 finished with value: 0.549148416885259 and parameters: {'num_leaves': 81, 'learning_rate': 0.0105256394879698, 'feature_fraction': 0.8944662603673086, 'bagging_fraction': 0.4362967023104974, 'bagging_freq': 8, 'min_child_samples': 5, 'reg_alpha': 9.45360022725365, 'reg_lambda': 3.9027736509072524, 'max_depth': 8, 'min_split_gain': 0.282501736644318}. Best is trial 88 with value: 0.550605822429813.[0m
Training until validation scores don't improve for 50 rounds
Training until validation scores don't improve for 50 rounds
Training until validation scores don't improve for 50 rounds
Training until validation scores don't improve for 50 rounds
Training until validation scores don't improve for 50 rounds
[32m[I 2025-09-27 19:46:56,803][0m Trial 95 finished with value: 0.5478537980862992 and parameters: {'num_leaves': 78, 'learning_rate': 0.011928469594737154, 'feature_fraction': 0.9269934297274179, 'bagging_fraction': 0.4912281791403941, 'bagging_freq': 8, 'min_child_samples': 22, 'reg_alpha': 8.487756913267484, 'reg_lambda': 4.649467049744705, 'max_depth': 7, 'min_split_gain': 0.2539576036150558}. Best is trial 88 with value: 0.550605822429813.[0m
Training until validation scores don't improve for 50 rounds
Training until validation scores don't improve for 50 rounds
Training until validation scores don't improve for 50 rounds
Training until validation scores don't improve for 50 rounds
Training until validation scores don't improve for 50 rounds
[32m[I 2025-09-27 19:47:43,388][0m Trial 96 finished with value: 0.549533025721354 and parameters: {'num_leaves': 88, 'learning_rate': 0.014457615529047762, 'feature_fraction': 0.8177287297778933, 'bagging_fraction': 0.45743251563836695, 'bagging_freq': 7, 'min_child_samples': 25, 'reg_alpha': 9.158235850283527, 'reg_lambda': 4.129749674005976, 'max_depth': 9, 'min_split_gain': 0.18897502588657153}. Best is trial 88 with value: 0.550605822429813.[0m
Training until validation scores don't improve for 50 rounds
Training until validation scores don't improve for 50 rounds
Training until validation scores don't improve for 50 rounds
Training until validation scores don't improve for 50 rounds
Training until validation scores don't improve for 50 rounds
[32m[I 2025-09-27 19:48:35,680][0m Trial 97 finished with value: 0.5498389030855945 and parameters: {'num_leaves': 70, 'learning_rate': 0.01000329980287117, 'feature_fraction': 0.8354931275143725, 'bagging_fraction': 0.4750172922035239, 'bagging_freq': 8, 'min_child_samples': 19, 'reg_alpha': 4.817560974004561, 'reg_lambda': 2.872864048925826, 'max_depth': 14, 'min_split_gain': 0.12171031655279543}. Best is trial 88 with value: 0.550605822429813.[0m
Training until validation scores don't improve for 50 rounds
Training until validation scores don't improve for 50 rounds
Training until validation scores don't improve for 50 rounds
Training until validation scores don't improve for 50 rounds
Training until validation scores don't improve for 50 rounds
[32m[I 2025-09-27 19:49:21,971][0m Trial 98 finished with value: 0.550242794142551 and parameters: {'num_leaves': 72, 'learning_rate': 0.012874150061624155, 'feature_fraction': 0.8756614627925379, 'bagging_fraction': 0.4288634222867261, 'bagging_freq': 7, 'min_child_samples': 10, 'reg_alpha': 8.880138383456451, 'reg_lambda': 4.839855291745838, 'max_depth': 9, 'min_split_gain': 0.41790323533497564}. Best is trial 88 with value: 0.550605822429813.[0m
Training until validation scores don't improve for 50 rounds
Training until validation scores don't improve for 50 rounds
Training until validation scores don't improve for 50 rounds
Training until validation scores don't improve for 50 rounds
Training until validation scores don't improve for 50 rounds
[32m[I 2025-09-27 19:50:07,244][0m Trial 99 finished with value: 0.5505311820491531 and parameters: {'num_leaves': 53, 'learning_rate': 0.013200284360125939, 'feature_fraction': 0.8748047902768652, 'bagging_fraction': 0.41367869898247106, 'bagging_freq': 7, 'min_child_samples': 10, 'reg_alpha': 8.740580144873102, 'reg_lambda': 5.420251437398546, 'max_depth': 9, 'min_split_gain': 0.43387934910643255}. Best is trial 88 with value: 0.550605822429813.[0m

Optuna optimization completed!
Best F2-score: 0.5506
Best parameters: {'num_leaves': 79, 'learning_rate': 0.010802068701021229, 'feature_fraction': 0.8435256872701616, 'bagging_fraction': 0.4339065964078601, 'bagging_freq': 8, 'min_child_samples': 14, 'reg_alpha': 7.78719739073039, 'reg_lambda': 4.343768156500813, 'max_depth': 9, 'min_split_gain': 0.25441549997279617}

Performing 5-fold cross-validation with cost-sensitive learning...
Using scale_pos_weight = 154.98 (base ratio: 15.5:1, cost ratio: 10:1)
Training until validation scores don't improve for 50 rounds
Fold 1 - AUC: 0.9605, F2: 0.5385
Training until validation scores don't improve for 50 rounds
Fold 2 - AUC: 0.9598, F2: 0.5499
Training until validation scores don't improve for 50 rounds
Fold 3 - AUC: 0.9617, F2: 0.5474
Training until validation scores don't improve for 50 rounds
Fold 4 - AUC: 0.9623, F2: 0.5389
Training until validation scores don't improve for 50 rounds
Fold 5 - AUC: 0.9609, F2: 0.5496

Cross-validation results:
Mean AUC: 0.9610 (+/- 0.0018)
Mean F2-score: 0.5449 (+/- 0.0102)
Individual AUC scores: ['0.9605', '0.9598', '0.9617', '0.9623', '0.9609']
Individual F2 scores: ['0.5385', '0.5499', '0.5474', '0.5389', '0.5496']
Splitting data into train/test sets...
Training set: 472819 samples
Test set: 118205 samples
Death rate in training set: 0.0606
Death rate in test set: 0.0606
Cost-sensitive learning: scale_pos_weight = 154.99
Base class ratio (No Death:Death) = 15.5:1
With cost ratio 10:1, effective weight = 155.0x higher for Death class
Using Optuna-optimized parameters with cost-sensitive weights...
Training LightGBM model...
[100]	training's l2: 0.0359568
[200]	training's l2: 0.033339
[300]	training's l2: 0.0329707
[400]	training's l2: 0.0329128
[500]	training's l2: 0.0328997
[600]	training's l2: 0.0328972
[700]	training's l2: 0.0328972
[800]	training's l2: 0.0328972
[900]	training's l2: 0.0328972
[1000]	training's l2: 0.0328972

============================================================
MODEL EVALUATION - COST-SENSITIVE LEARNING
============================================================
Class Distribution in Test Set:
  No Death: 93.94% (111,040 samples)
  Death: 6.06% (7,165 samples)
  Class Imbalance Ratio: 15.5:1 (No Death:Death)

📊 COMPREHENSIVE METRICS:
AUC-ROC: 0.9605 (traditional metric)
PR-AUC: 0.5986 (better for imbalanced data)
Balanced Accuracy: 0.7218 (accounts for class imbalance)
F1-score: 0.5336 (balanced precision/recall)
F2-score: 0.4874 ⭐ (emphasizes recall - our target metric)
F0.5-score: 0.5894 (emphasizes precision)

📋 CLASSIFICATION REPORT:
              precision    recall  f1-score   support

    No Death       0.97      0.98      0.97    111040
       Death       0.63      0.46      0.53      7165

    accuracy                           0.95    118205
   macro avg       0.80      0.72      0.75    118205
weighted avg       0.95      0.95      0.95    118205


Confusion Matrix:
True Negatives: 109,130
False Positives: 1,910
False Negatives: 3,863
True Positives: 3,302

Feature Importance:
                                              feature  importance
0                                         age_numeric        1755
3                                       hosp_icu_risk         732
5                                          sex_Female         474
14                            race_White_Non_Hispanic         367
4                                   age_group_encoded         281
6                                            sex_Male         206
15                                           hosp_yes         205
12                   race_Multiple_Other_Non_Hispanic         203
10                            race_Black_Non_Hispanic         188
17                                            icu_yes         132
2                                  very_high_risk_age         115
1                                       high_risk_age          92
11                               race_Hispanic_Latino          80
13  race_Native_Hawaiian_Other_Pacific_Islander_No...          50
16                                       hosp_unknown           0
9                             race_Asian_Non_Hispanic           0
8     race_American_Indian_Alaska_Native_Non_Hispanic           0
7                                           sex_Other           0
18                                        icu_unknown           0
Saving plots to 'plots_20250927_171505' directory...
All plots saved successfully in 'plots_20250927_171505' directory!

Model saved as 'covid_death_prediction_model_20250927_171505.txt'
Feature importance saved as 'feature_importance_20250927_171505.csv'
Best parameters saved as 'best_parameters_20250927_171505.json'

======================================================================
MODEL TRAINING COMPLETED SUCCESSFULLY!
Training completed at: 2025-09-27 19:50:52
All outputs saved with timestamp: 20250927_171505
======================================================================
