================================================================================
COVID-19 DEATH PREDICTION - COST-SENSITIVE LEARNING
Training started at: 2025-09-27 17:15:05
Cost ratio (Death:No Death penalty): 10:1
Optimization metric: F2-score (emphasizes recall)
Output being saved to: training_output_20250927_171505.txt
================================================================================
Loading data...
Original data shape: (8405079, 6)
Missing values per column:
sex            93383
age_group      32041
race         3382702
hosp         4363752
icu          7464517
death        4530689
dtype: int64
After removing unknown death status: (3874390, 6)
After removing rows with missing features: (591024, 6)
After feature engineering: (591024, 10)
Final feature matrix shape: (591024, 19)
Features: ['age_numeric', 'high_risk_age', 'very_high_risk_age', 'hosp_icu_risk', 'age_group_encoded', 'sex_Female', 'sex_Male', 'sex_Other', 'race_American_Indian_Alaska_Native_Non_Hispanic', 'race_Asian_Non_Hispanic', 'race_Black_Non_Hispanic', 'race_Hispanic_Latino', 'race_Multiple_Other_Non_Hispanic', 'race_Native_Hawaiian_Other_Pacific_Islander_Non_Hispanic', 'race_White_Non_Hispanic', 'hosp_yes', 'hosp_unknown', 'icu_yes', 'icu_unknown']

Starting Optuna optimization with 100 trials...
Optimizing for F2-score (prioritizes recall over precision)
Training until validation scores don't improve for 50 rounds
Training until validation scores don't improve for 50 rounds
Training until validation scores don't improve for 50 rounds
Training until validation scores don't improve for 50 rounds
Training until validation scores don't improve for 50 rounds
[32m[I 2025-09-27 17:15:42,937][0m Trial 0 finished with value: 0.5448847750486351 and parameters: {'num_leaves': 29, 'learning_rate': 0.2156754086022111, 'feature_fraction': 0.46476448975369683, 'bagging_fraction': 0.6021071968214556, 'bagging_freq': 9, 'min_child_samples': 70, 'reg_alpha': 6.416505858350781, 'reg_lambda': 5.839295724787556, 'max_depth': 9, 'min_split_gain': 0.018994007654175582}. Best is trial 0 with value: 0.5448847750486351.[0m
Training until validation scores don't improve for 50 rounds
Training until validation scores don't improve for 50 rounds
Training until validation scores don't improve for 50 rounds
Training until validation scores don't improve for 50 rounds
Training until validation scores don't improve for 50 rounds
[32m[I 2025-09-27 17:16:08,159][0m Trial 1 finished with value: 0.5454315795061135 and parameters: {'num_leaves': 16, 'learning_rate': 0.19058510197873801, 'feature_fraction': 0.8195129579768379, 'bagging_fraction': 0.7107963322283846, 'bagging_freq': 1, 'min_child_samples': 70, 'reg_alpha': 5.627214703943753, 'reg_lambda': 9.040381676879939, 'max_depth': 9, 'min_split_gain': 0.1731112587259439}. Best is trial 1 with value: 0.5454315795061135.[0m
Training until validation scores don't improve for 50 rounds
Training until validation scores don't improve for 50 rounds
Training until validation scores don't improve for 50 rounds
Training until validation scores don't improve for 50 rounds
Training until validation scores don't improve for 50 rounds
[32m[I 2025-09-27 17:16:32,760][0m Trial 2 finished with value: 0.5486750532459056 and parameters: {'num_leaves': 24, 'learning_rate': 0.09732952765076769, 'feature_fraction': 0.50471219645833, 'bagging_fraction': 0.6404060425143421, 'bagging_freq': 4, 'min_child_samples': 36, 'reg_alpha': 6.010879098077644, 'reg_lambda': 7.30564633138608, 'max_depth': 4, 'min_split_gain': 0.3849647434761114}. Best is trial 2 with value: 0.5486750532459056.[0m
Training until validation scores don't improve for 50 rounds
Training until validation scores don't improve for 50 rounds
Training until validation scores don't improve for 50 rounds
Training until validation scores don't improve for 50 rounds
Training until validation scores don't improve for 50 rounds
[32m[I 2025-09-27 17:17:16,437][0m Trial 3 finished with value: 0.5456842662716109 and parameters: {'num_leaves': 54, 'learning_rate': 0.06033079198251864, 'feature_fraction': 0.7598675742726296, 'bagging_fraction': 0.493748136751448, 'bagging_freq': 9, 'min_child_samples': 48, 'reg_alpha': 8.37784173878301, 'reg_lambda': 0.8293009528061068, 'max_depth': 8, 'min_split_gain': 0.693131531496471}. Best is trial 2 with value: 0.5486750532459056.[0m
Training until validation scores don't improve for 50 rounds
Training until validation scores don't improve for 50 rounds
Training until validation scores don't improve for 50 rounds
Training until validation scores don't improve for 50 rounds
Training until validation scores don't improve for 50 rounds
[32m[I 2025-09-27 17:18:08,043][0m Trial 4 finished with value: 0.5483975211176364 and parameters: {'num_leaves': 78, 'learning_rate': 0.010331644787956187, 'feature_fraction': 0.5393622881749035, 'bagging_fraction': 0.982987463941183, 'bagging_freq': 7, 'min_child_samples': 56, 'reg_alpha': 1.812720350951258, 'reg_lambda': 8.325742251727142, 'max_depth': 13, 'min_split_gain': 0.33504482600027174}. Best is trial 2 with value: 0.5486750532459056.[0m
Training until validation scores don't improve for 50 rounds
Training until validation scores don't improve for 50 rounds
Training until validation scores don't improve for 50 rounds
Training until validation scores don't improve for 50 rounds
Training until validation scores don't improve for 50 rounds
[32m[I 2025-09-27 17:18:28,054][0m Trial 5 finished with value: 0.5376483633729878 and parameters: {'num_leaves': 57, 'learning_rate': 0.017723852378506662, 'feature_fraction': 0.653730350581522, 'bagging_fraction': 0.40704028042439955, 'bagging_freq': 3, 'min_child_samples': 66, 'reg_alpha': 0.1273365731998799, 'reg_lambda': 6.199582929066899, 'max_depth': 3, 'min_split_gain': 0.917484105910058}. Best is trial 2 with value: 0.5486750532459056.[0m
Training until validation scores don't improve for 50 rounds
Training until validation scores don't improve for 50 rounds
Training until validation scores don't improve for 50 rounds
Training until validation scores don't improve for 50 rounds
Training until validation scores don't improve for 50 rounds
[32m[I 2025-09-27 17:19:23,921][0m Trial 6 finished with value: 0.5477060814030045 and parameters: {'num_leaves': 89, 'learning_rate': 0.06892989380866428, 'feature_fraction': 0.8689891199687952, 'bagging_fraction': 0.5664378910865578, 'bagging_freq': 3, 'min_child_samples': 14, 'reg_alpha': 9.720085721649662, 'reg_lambda': 9.985038078607761, 'max_depth': 11, 'min_split_gain': 0.293920817674172}. Best is trial 2 with value: 0.5486750532459056.[0m
Training until validation scores don't improve for 50 rounds
Training until validation scores don't improve for 50 rounds
Training until validation scores don't improve for 50 rounds
Training until validation scores don't improve for 50 rounds
Training until validation scores don't improve for 50 rounds
[32m[I 2025-09-27 17:19:39,373][0m Trial 7 finished with value: 0.5443841922573449 and parameters: {'num_leaves': 24, 'learning_rate': 0.28754670389387027, 'feature_fraction': 0.992113761173496, 'bagging_fraction': 0.8667608398659108, 'bagging_freq': 9, 'min_child_samples': 79, 'reg_alpha': 0.20723963369673193, 'reg_lambda': 2.5450078997932923, 'max_depth': 9, 'min_split_gain': 0.9418864059614089}. Best is trial 2 with value: 0.5486750532459056.[0m
Training until validation scores don't improve for 50 rounds
Training until validation scores don't improve for 50 rounds
Training until validation scores don't improve for 50 rounds
Training until validation scores don't improve for 50 rounds
Training until validation scores don't improve for 50 rounds
[32m[I 2025-09-27 17:20:14,759][0m Trial 8 finished with value: 0.5458283354726653 and parameters: {'num_leaves': 33, 'learning_rate': 0.053491317051638565, 'feature_fraction': 0.4784046763085014, 'bagging_fraction': 0.6003907642603369, 'bagging_freq': 4, 'min_child_samples': 29, 'reg_alpha': 8.03525919167322, 'reg_lambda': 1.4937155914529365, 'max_depth': 15, 'min_split_gain': 0.6497880368204646}. Best is trial 2 with value: 0.5486750532459056.[0m
Training until validation scores don't improve for 50 rounds
Training until validation scores don't improve for 50 rounds
Training until validation scores don't improve for 50 rounds
Training until validation scores don't improve for 50 rounds
Training until validation scores don't improve for 50 rounds
[32m[I 2025-09-27 17:20:48,999][0m Trial 9 finished with value: 0.545177189488034 and parameters: {'num_leaves': 91, 'learning_rate': 0.15004955094691216, 'feature_fraction': 0.9424530062694312, 'bagging_fraction': 0.7601678522980315, 'bagging_freq': 1, 'min_child_samples': 82, 'reg_alpha': 8.476335108092796, 'reg_lambda': 2.07590696441758, 'max_depth': 6, 'min_split_gain': 0.2386990068600039}. Best is trial 2 with value: 0.5486750532459056.[0m
Training until validation scores don't improve for 50 rounds
Training until validation scores don't improve for 50 rounds
Training until validation scores don't improve for 50 rounds
Training until validation scores don't improve for 50 rounds
Training until validation scores don't improve for 50 rounds
[32m[I 2025-09-27 17:21:10,482][0m Trial 10 finished with value: 0.5435080162179441 and parameters: {'num_leaves': 47, 'learning_rate': 0.03222997648487047, 'feature_fraction': 0.6304875016760567, 'bagging_fraction': 0.8395104360441891, 'bagging_freq': 6, 'min_child_samples': 99, 'reg_alpha': 4.0305810741575, 'reg_lambda': 4.091854022382728, 'max_depth': 3, 'min_split_gain': 0.5033593618726242}. Best is trial 2 with value: 0.5486750532459056.[0m
Training until validation scores don't improve for 50 rounds
Training until validation scores don't improve for 50 rounds
Training until validation scores don't improve for 50 rounds
Training until validation scores don't improve for 50 rounds
Training until validation scores don't improve for 50 rounds
[32m[I 2025-09-27 17:22:00,800][0m Trial 11 finished with value: 0.5486253838804792 and parameters: {'num_leaves': 73, 'learning_rate': 0.01118206683231472, 'feature_fraction': 0.5571421629414299, 'bagging_fraction': 0.9344605389611735, 'bagging_freq': 6, 'min_child_samples': 43, 'reg_alpha': 2.9885538471277258, 'reg_lambda': 8.069044689771522, 'max_depth': 13, 'min_split_gain': 0.39454704335887447}. Best is trial 2 with value: 0.5486750532459056.[0m
Training until validation scores don't improve for 50 rounds
Training until validation scores don't improve for 50 rounds
Training until validation scores don't improve for 50 rounds
Training until validation scores don't improve for 50 rounds
Training until validation scores don't improve for 50 rounds
[32m[I 2025-09-27 17:22:26,020][0m Trial 12 finished with value: 0.5479606773666843 and parameters: {'num_leaves': 71, 'learning_rate': 0.10970438738911108, 'feature_fraction': 0.4050207692974473, 'bagging_fraction': 0.9721799113429903, 'bagging_freq': 5, 'min_child_samples': 34, 'reg_alpha': 3.5301131391215286, 'reg_lambda': 7.404435651008444, 'max_depth': 6, 'min_split_gain': 0.4698891548354023}. Best is trial 2 with value: 0.5486750532459056.[0m
Training until validation scores don't improve for 50 rounds
Training until validation scores don't improve for 50 rounds
Training until validation scores don't improve for 50 rounds
Training until validation scores don't improve for 50 rounds
Training until validation scores don't improve for 50 rounds
[32m[I 2025-09-27 17:30:08,818][0m Trial 13 finished with value: 0.5472583688696521 and parameters: {'num_leaves': 66, 'learning_rate': 0.027797600452593472, 'feature_fraction': 0.5766752462965071, 'bagging_fraction': 0.8213764019327165, 'bagging_freq': 7, 'min_child_samples': 34, 'reg_alpha': 3.123480297306901, 'reg_lambda': 7.3687621490035315, 'max_depth': 12, 'min_split_gain': 0.49498369076235404}. Best is trial 2 with value: 0.5486750532459056.[0m
Training until validation scores don't improve for 50 rounds
Training until validation scores don't improve for 50 rounds
Training until validation scores don't improve for 50 rounds
Training until validation scores don't improve for 50 rounds
Training until validation scores don't improve for 50 rounds
[32m[I 2025-09-27 17:30:48,093][0m Trial 14 finished with value: 0.5472577713601241 and parameters: {'num_leaves': 42, 'learning_rate': 0.09720667140132937, 'feature_fraction': 0.5500254112443832, 'bagging_fraction': 0.6670638368742936, 'bagging_freq': 5, 'min_child_samples': 6, 'reg_alpha': 6.293665900274195, 'reg_lambda': 4.2591290815239375, 'max_depth': 14, 'min_split_gain': 0.6588175334498001}. Best is trial 2 with value: 0.5486750532459056.[0m
Training until validation scores don't improve for 50 rounds
Training until validation scores don't improve for 50 rounds
Training until validation scores don't improve for 50 rounds
Training until validation scores don't improve for 50 rounds
Training until validation scores don't improve for 50 rounds
[32m[I 2025-09-27 17:31:13,111][0m Trial 15 finished with value: 0.5417782762850708 and parameters: {'num_leaves': 10, 'learning_rate': 0.010085565144122297, 'feature_fraction': 0.7118878964770887, 'bagging_fraction': 0.907692041365301, 'bagging_freq': 7, 'min_child_samples': 45, 'reg_alpha': 1.9119636219260199, 'reg_lambda': 6.852567162515612, 'max_depth': 6, 'min_split_gain': 0.4072839729709208}. Best is trial 2 with value: 0.5486750532459056.[0m
Training until validation scores don't improve for 50 rounds
Training until validation scores don't improve for 50 rounds
Training until validation scores don't improve for 50 rounds
Training until validation scores don't improve for 50 rounds
Training until validation scores don't improve for 50 rounds
[32m[I 2025-09-27 17:31:54,801][0m Trial 16 finished with value: 0.5490734638603973 and parameters: {'num_leaves': 78, 'learning_rate': 0.03731694599963956, 'feature_fraction': 0.40762978483092416, 'bagging_fraction': 0.7354028249572118, 'bagging_freq': 3, 'min_child_samples': 22, 'reg_alpha': 4.708425306862529, 'reg_lambda': 8.2011451076933, 'max_depth': 11, 'min_split_gain': 0.14613621524263065}. Best is trial 16 with value: 0.5490734638603973.[0m
Training until validation scores don't improve for 50 rounds
Training until validation scores don't improve for 50 rounds
Training until validation scores don't improve for 50 rounds
Training until validation scores don't improve for 50 rounds
Training until validation scores don't improve for 50 rounds
[32m[I 2025-09-27 17:32:37,624][0m Trial 17 finished with value: 0.5491361020487556 and parameters: {'num_leaves': 98, 'learning_rate': 0.04047946373451311, 'feature_fraction': 0.4250877904124877, 'bagging_fraction': 0.7303984002646176, 'bagging_freq': 3, 'min_child_samples': 19, 'reg_alpha': 5.092595414050808, 'reg_lambda': 4.990081370668822, 'max_depth': 11, 'min_split_gain': 0.07426435699182843}. Best is trial 17 with value: 0.5491361020487556.[0m
Training until validation scores don't improve for 50 rounds
Training until validation scores don't improve for 50 rounds
Training until validation scores don't improve for 50 rounds
Training until validation scores don't improve for 50 rounds
Training until validation scores don't improve for 50 rounds
[32m[I 2025-09-27 17:33:23,082][0m Trial 18 finished with value: 0.5470097616953014 and parameters: {'num_leaves': 100, 'learning_rate': 0.03626803657052854, 'feature_fraction': 0.4356350377459112, 'bagging_fraction': 0.7501066776603497, 'bagging_freq': 2, 'min_child_samples': 20, 'reg_alpha': 4.640700859588101, 'reg_lambda': 3.319092211204635, 'max_depth': 11, 'min_split_gain': 0.008928582235760013}. Best is trial 17 with value: 0.5491361020487556.[0m
Training until validation scores don't improve for 50 rounds
Training until validation scores don't improve for 50 rounds
Training until validation scores don't improve for 50 rounds
Training until validation scores don't improve for 50 rounds
Training until validation scores don't improve for 50 rounds
[32m[I 2025-09-27 17:34:05,101][0m Trial 19 finished with value: 0.5479446818902345 and parameters: {'num_leaves': 83, 'learning_rate': 0.020434394664533225, 'feature_fraction': 0.4069917842001, 'bagging_fraction': 0.7718025911373244, 'bagging_freq': 2, 'min_child_samples': 21, 'reg_alpha': 7.294490190793477, 'reg_lambda': 5.381588043185403, 'max_depth': 11, 'min_split_gain': 0.10074490346590625}. Best is trial 17 with value: 0.5491361020487556.[0m
Training until validation scores don't improve for 50 rounds
Training until validation scores don't improve for 50 rounds
Training until validation scores don't improve for 50 rounds
Training until validation scores don't improve for 50 rounds
Training until validation scores don't improve for 50 rounds
[32m[I 2025-09-27 17:35:01,851][0m Trial 20 finished with value: 0.5481403783492105 and parameters: {'num_leaves': 96, 'learning_rate': 0.04440303696432824, 'feature_fraction': 0.6223528774619164, 'bagging_fraction': 0.5213918759394586, 'bagging_freq': 3, 'min_child_samples': 7, 'reg_alpha': 4.900081311693515, 'reg_lambda': 4.7211298525580085, 'max_depth': 10, 'min_split_gain': 0.14455251954379497}. Best is trial 17 with value: 0.5491361020487556.[0m
Training until validation scores don't improve for 50 rounds
Training until validation scores don't improve for 50 rounds
Training until validation scores don't improve for 50 rounds
Training until validation scores don't improve for 50 rounds
Training until validation scores don't improve for 50 rounds
[32m[I 2025-09-27 17:35:41,072][0m Trial 21 finished with value: 0.5459009784973754 and parameters: {'num_leaves': 62, 'learning_rate': 0.07998937546278742, 'feature_fraction': 0.49761241507721665, 'bagging_fraction': 0.6676060470092274, 'bagging_freq': 4, 'min_child_samples': 25, 'reg_alpha': 5.524856792276209, 'reg_lambda': 9.320898309092087, 'max_depth': 7, 'min_split_gain': 0.2197377775045918}. Best is trial 17 with value: 0.5491361020487556.[0m
Training until validation scores don't improve for 50 rounds
Training until validation scores don't improve for 50 rounds
Training until validation scores don't improve for 50 rounds
Training until validation scores don't improve for 50 rounds
Training until validation scores don't improve for 50 rounds
[32m[I 2025-09-27 17:36:06,562][0m Trial 22 finished with value: 0.5448223777166061 and parameters: {'num_leaves': 82, 'learning_rate': 0.022269079664404196, 'feature_fraction': 0.5027702189263867, 'bagging_fraction': 0.6886181427325738, 'bagging_freq': 4, 'min_child_samples': 37, 'reg_alpha': 6.706005496359304, 'reg_lambda': 6.314966550354054, 'max_depth': 4, 'min_split_gain': 0.09295813654505536}. Best is trial 17 with value: 0.5491361020487556.[0m
Training until validation scores don't improve for 50 rounds
Training until validation scores don't improve for 50 rounds
Training until validation scores don't improve for 50 rounds
Training until validation scores don't improve for 50 rounds
Training until validation scores don't improve for 50 rounds
[32m[I 2025-09-27 17:36:50,930][0m Trial 23 finished with value: 0.5475817669289477 and parameters: {'num_leaves': 91, 'learning_rate': 0.04463562577824612, 'feature_fraction': 0.4492445930664121, 'bagging_fraction': 0.627934582062123, 'bagging_freq': 2, 'min_child_samples': 16, 'reg_alpha': 4.373806293715562, 'reg_lambda': 8.607573888463786, 'max_depth': 12, 'min_split_gain': 0.2796332891002502}. Best is trial 17 with value: 0.5491361020487556.[0m
Training until validation scores don't improve for 50 rounds
Training until validation scores don't improve for 50 rounds
Training until validation scores don't improve for 50 rounds
Training until validation scores don't improve for 50 rounds
Training until validation scores don't improve for 50 rounds
[32m[I 2025-09-27 17:37:33,639][0m Trial 24 finished with value: 0.5454273605448339 and parameters: {'num_leaves': 43, 'learning_rate': 0.12131985526887427, 'feature_fraction': 0.5139936775585953, 'bagging_fraction': 0.7343912649374842, 'bagging_freq': 4, 'min_child_samples': 54, 'reg_alpha': 5.903940264620488, 'reg_lambda': 7.731680712030897, 'max_depth': 10, 'min_split_gain': 0.0757589107538631}. Best is trial 17 with value: 0.5491361020487556.[0m
Training until validation scores don't improve for 50 rounds
Training until validation scores don't improve for 50 rounds
Training until validation scores don't improve for 50 rounds
Training until validation scores don't improve for 50 rounds
Training until validation scores don't improve for 50 rounds
[32m[I 2025-09-27 17:38:03,832][0m Trial 25 finished with value: 0.548660526438093 and parameters: {'num_leaves': 86, 'learning_rate': 0.08157184807732974, 'feature_fraction': 0.4001060372528227, 'bagging_fraction': 0.7930539473885089, 'bagging_freq': 3, 'min_child_samples': 26, 'reg_alpha': 7.3382338966662966, 'reg_lambda': 6.71819879435845, 'max_depth': 5, 'min_split_gain': 0.1846126563632455}. Best is trial 17 with value: 0.5491361020487556.[0m
Training until validation scores don't improve for 50 rounds
Training until validation scores don't improve for 50 rounds
Training until validation scores don't improve for 50 rounds
Training until validation scores don't improve for 50 rounds
Training until validation scores don't improve for 50 rounds
